<?xml version="1.0" encoding="UTF-8"?>
<testng-results ignored="0" total="1" passed="1" failed="0" skipped="0">
  <reporter-output>
  </reporter-output>
  <suite started-at="2025-07-04T16:31:24 IST" name="Default suite" finished-at="2025-07-04T16:31:29 IST" duration-ms="4262">
    <groups>
    </groups>
    <test started-at="2025-07-04T16:31:24 IST" name="Default test" finished-at="2025-07-04T16:31:29 IST" duration-ms="4262">
      <class name="TestDemo">
        <test-method signature="GetUser()[pri:0, instance:TestDemo@20140db9]" started-at="2025-07-04T16:31:24 IST" name="GetUser" finished-at="2025-07-04T16:31:29 IST" duration-ms="4175" status="PASS">
          <reporter-output>
          </reporter-output>
        </test-method> <!-- GetUser -->
      </class> <!-- TestDemo -->
    </test> <!-- Default test -->
  </suite> <!-- Default suite -->
</testng-results>
